<?xml version="1.0" encoding="UTF-8"?>
<!-- Generated by org.testng.reporters.JUnitXMLReporter -->
<testsuite hostname="DESKTOP-OI89NK9" ignored="0" tests="1" failures="1" timestamp="17 Jul 2017 06:48:11 GMT" time="0.056" errors="0">
  <testcase name="TestConnedtion" time="0.017" classname="TelnetConnectionTesting">
    <failure type="java.lang.Error" message="Unresolved compilation problem: 
	out cannot be resolved to a variable
">
      <![CDATA[java.lang.Error: Unresolved compilation problem: 
	out cannot be resolved to a variable

	at DeviceRemoteConnection.Helo(DeviceRemoteConnection.java:33)
	at TelnetConnectionTesting.TestConnedtion(TelnetConnectionTesting.java:11)
... Removed 25 stack frames]]>
    </failure>
  </testcase> <!-- TestConnedtion -->
</testsuite>
